app/build/intermediates/manifest_merge_blame_file/debug/manifest-merger-blame-debug-report.txt
1<?xml version="1.0" encoding="utf-8"?>
2<manifest xmlns:android="http://schemas.android.com/apk/res/android"
3    package="com.sp.harvesthub"
4    android:versionCode="1"
5    android:versionName="1.0" >
6
7    <uses-sdk
8        android:minSdkVersion="27"
9        android:targetSdkVersion="34" />
10
11    <uses-permission android:name="android.permission.INTERNET" />
11-->src\main\AndroidManifest.xml:5:5-67
11-->src\main\AndroidManifest.xml:5:22-64
12    <uses-permission android:name="android.permission.ACCESS_NETWORK_STATE" />
12-->src\main\AndroidManifest.xml:6:5-79
12-->src\main\AndroidManifest.xml:6:22-76
13    <uses-permission android:name="android.permission.READ_EXTERNAL_STORAGE" />
13-->src\main\AndroidManifest.xml:7:5-80
13-->src\main\AndroidManifest.xml:7:22-77
14    <uses-permission android:name="android.permission.ACCESS_FINE_LOCATION" />
14-->src\main\AndroidManifest.xml:8:5-79
14-->src\main\AndroidManifest.xml:8:22-76
15    <uses-permission android:name="android.permission.ACCESS_COARSE_LOCATION" />
15-->src\main\AndroidManifest.xml:9:5-81
15-->src\main\AndroidManifest.xml:9:22-78
16    <uses-permission
16-->src\main\AndroidManifest.xml:10:5-11:38
17        android:name="android.permission.WRITE_EXTERNAL_STORAGE"
17-->src\main\AndroidManifest.xml:10:22-78
18        android:maxSdkVersion="32" />
18-->src\main\AndroidManifest.xml:11:9-35
19    <uses-permission android:name="android.permission.CAMERA" />
19-->src\main\AndroidManifest.xml:12:5-65
19-->src\main\AndroidManifest.xml:12:22-62
20
21    <uses-feature
21-->src\main\AndroidManifest.xml:13:5-84
22        android:name="android.hardware.camera"
22-->src\main\AndroidManifest.xml:13:19-57
23        android:required="true" />
23-->src\main\AndroidManifest.xml:13:58-81
24    <uses-feature
24-->[com.google.android.gms:play-services-maps:19.0.0] AndroidManifest.xml:26:5-28:35
25        android:glEsVersion="0x00020000"
25-->[com.google.android.gms:play-services-maps:19.0.0] AndroidManifest.xml:27:9-41
26        android:required="true" />
26-->[com.google.android.gms:play-services-maps:19.0.0] AndroidManifest.xml:28:9-32
27
28    <queries>
28-->[com.google.android.gms:play-services-maps:19.0.0] AndroidManifest.xml:30:5-34:15
29
30        <!-- Needs to be explicitly declared on Android R+ -->
31        <package android:name="com.google.android.apps.maps" />
31-->[com.google.android.gms:play-services-maps:19.0.0] AndroidManifest.xml:33:9-64
31-->[com.google.android.gms:play-services-maps:19.0.0] AndroidManifest.xml:33:18-61
32    </queries>
33
34    <uses-permission android:name="android.permission.WAKE_LOCK" />
34-->[com.google.android.gms:play-services-measurement-api:22.2.0] AndroidManifest.xml:24:5-68
34-->[com.google.android.gms:play-services-measurement-api:22.2.0] AndroidManifest.xml:24:22-65
35    <uses-permission android:name="com.google.android.gms.permission.AD_ID" />
35-->[com.google.android.gms:play-services-measurement-api:22.2.0] AndroidManifest.xml:25:5-79
35-->[com.google.android.gms:play-services-measurement-api:22.2.0] AndroidManifest.xml:25:22-76
36    <uses-permission android:name="android.permission.ACCESS_ADSERVICES_ATTRIBUTION" />
36-->[com.google.android.gms:play-services-measurement-api:22.2.0] AndroidManifest.xml:26:5-88
36-->[com.google.android.gms:play-services-measurement-api:22.2.0] AndroidManifest.xml:26:22-85
37    <uses-permission android:name="android.permission.ACCESS_ADSERVICES_AD_ID" />
37-->[com.google.android.gms:play-services-measurement-api:22.2.0] AndroidManifest.xml:27:5-82
37-->[com.google.android.gms:play-services-measurement-api:22.2.0] AndroidManifest.xml:27:22-79
38    <uses-permission android:name="com.google.android.finsky.permission.BIND_GET_INSTALL_REFERRER_SERVICE" />
38-->[com.google.android.gms:play-services-measurement:22.2.0] AndroidManifest.xml:26:5-110
38-->[com.google.android.gms:play-services-measurement:22.2.0] AndroidManifest.xml:26:22-107
39    <uses-permission android:name="com.google.android.providers.gsf.permission.READ_GSERVICES" />
39-->[com.google.android.recaptcha:recaptcha:18.5.1] AndroidManifest.xml:9:5-98
39-->[com.google.android.recaptcha:recaptcha:18.5.1] AndroidManifest.xml:9:22-95
40
41    <permission
41-->[androidx.core:core:1.13.0] AndroidManifest.xml:22:5-24:47
42        android:name="com.sp.harvesthub.DYNAMIC_RECEIVER_NOT_EXPORTED_PERMISSION"
42-->[androidx.core:core:1.13.0] AndroidManifest.xml:23:9-81
43        android:protectionLevel="signature" />
43-->[androidx.core:core:1.13.0] AndroidManifest.xml:24:9-44
44
45    <uses-permission android:name="com.sp.harvesthub.DYNAMIC_RECEIVER_NOT_EXPORTED_PERMISSION" />
45-->[androidx.core:core:1.13.0] AndroidManifest.xml:26:5-97
45-->[androidx.core:core:1.13.0] AndroidManifest.xml:26:22-94
46
47    <application
47-->src\main\AndroidManifest.xml:15:5-147:19
48        android:allowBackup="true"
48-->src\main\AndroidManifest.xml:16:9-35
49        android:appComponentFactory="androidx.core.app.CoreComponentFactory"
49-->[androidx.core:core:1.13.0] AndroidManifest.xml:28:18-86
50        android:dataExtractionRules="@xml/data_extraction_rules"
50-->src\main\AndroidManifest.xml:17:9-65
51        android:debuggable="true"
52        android:extractNativeLibs="false"
53        android:fullBackupContent="@xml/backup_rules"
53-->src\main\AndroidManifest.xml:18:9-54
54        android:icon="@mipmap/ic_launcher"
54-->src\main\AndroidManifest.xml:19:9-43
55        android:label="@string/app_name"
55-->src\main\AndroidManifest.xml:20:9-41
56        android:roundIcon="@mipmap/ic_launcher_round"
56-->src\main\AndroidManifest.xml:21:9-54
57        android:supportsRtl="true"
57-->src\main\AndroidManifest.xml:22:9-35
58        android:testOnly="true"
59        android:theme="@style/Theme.HarvestHub" >
59-->src\main\AndroidManifest.xml:23:9-48
60
61        <!--
62             TODO: Before you run your application, you need a Google Maps API key.
63
64             To get one, follow the directions here:
65
66                https://developers.google.com/maps/documentation/android-sdk/get-api-key
67
68             Once you have your API key (it starts with "AIza"), define a new property in your
69             project's local.properties file (e.g. MAPS_API_KEY=Aiza...), and replace the
70             "YOUR_API_KEY" string in this file with "${MAPS_API_KEY}".
71        -->
72        <meta-data
72-->src\main\AndroidManifest.xml:37:9-39:71
73            android:name="com.google.android.geo.API_KEY"
73-->src\main\AndroidManifest.xml:38:13-58
74            android:value="AIzaSyBx9hPyev6cP5-8ZHPokIagPP2OM2ZelJI" />
74-->src\main\AndroidManifest.xml:39:13-68
75        <meta-data
75-->src\main\AndroidManifest.xml:40:9-42:57
76            android:name="preloaded_fonts"
76-->src\main\AndroidManifest.xml:41:13-43
77            android:resource="@array/preloaded_fonts" />
77-->src\main\AndroidManifest.xml:42:13-54
78
79        <!-- Splash Screen - Main Launcher -->
80        <activity
80-->src\main\AndroidManifest.xml:45:9-55:20
81            android:name="com.sp.harvesthub.activities.SplashActivity"
81-->src\main\AndroidManifest.xml:46:13-54
82            android:exported="true"
82-->src\main\AndroidManifest.xml:47:13-36
83            android:noHistory="true"
83-->src\main\AndroidManifest.xml:50:13-37
84            android:screenOrientation="portrait"
84-->src\main\AndroidManifest.xml:49:13-49
85            android:theme="@style/Theme.HarvestHub.NoActionBar" >
85-->src\main\AndroidManifest.xml:48:13-64
86            <intent-filter>
86-->src\main\AndroidManifest.xml:51:13-54:29
87                <action android:name="android.intent.action.MAIN" />
87-->src\main\AndroidManifest.xml:52:17-69
87-->src\main\AndroidManifest.xml:52:25-66
88
89                <category android:name="android.intent.category.LAUNCHER" />
89-->src\main\AndroidManifest.xml:53:17-77
89-->src\main\AndroidManifest.xml:53:27-74
90            </intent-filter>
91        </activity>
92
93        <!-- Login Activity -->
94        <activity
94-->src\main\AndroidManifest.xml:58:9-61:66
95            android:name="com.sp.harvesthub.activities.LoginActivity"
95-->src\main\AndroidManifest.xml:59:13-53
96            android:exported="false"
96-->src\main\AndroidManifest.xml:60:13-37
97            android:theme="@style/Theme.HarvestHub.NoActionBar" />
97-->src\main\AndroidManifest.xml:61:13-64
98
99        <!-- Main Activity -->
100        <activity
100-->src\main\AndroidManifest.xml:64:9-67:66
101            android:name="com.sp.harvesthub.MainActivity"
101-->src\main\AndroidManifest.xml:65:13-41
102            android:exported="false"
102-->src\main\AndroidManifest.xml:66:13-37
103            android:theme="@style/Theme.HarvestHub.NoActionBar" />
103-->src\main\AndroidManifest.xml:67:13-64
104
105        <!-- Other Activities -->
106        <activity
106-->src\main\AndroidManifest.xml:70:9-72:66
107            android:name="com.sp.harvesthub.activities.BlinkViewerActivity"
107-->src\main\AndroidManifest.xml:71:13-59
108            android:theme="@style/Theme.HarvestHub.NoActionBar" />
108-->src\main\AndroidManifest.xml:72:13-64
109        <activity
109-->src\main\AndroidManifest.xml:74:9-76:66
110            android:name="com.sp.harvesthub.activities.ServerActivity"
110-->src\main\AndroidManifest.xml:75:13-54
111            android:theme="@style/Theme.HarvestHub.NoActionBar" />
111-->src\main\AndroidManifest.xml:76:13-64
112        <activity
112-->src\main\AndroidManifest.xml:78:9-81:39
113            android:name="com.sp.harvesthub.activities.ChatActivity"
113-->src\main\AndroidManifest.xml:79:13-52
114            android:exported="false"
114-->src\main\AndroidManifest.xml:81:13-37
115            android:theme="@style/Theme.HarvestHub.FullScreen" />
115-->src\main\AndroidManifest.xml:80:13-63
116        <activity
116-->src\main\AndroidManifest.xml:83:9-86:66
117            android:name="com.sp.harvesthub.activities.SignUpActivity"
117-->src\main\AndroidManifest.xml:84:13-54
118            android:exported="false"
118-->src\main\AndroidManifest.xml:85:13-37
119            android:theme="@style/Theme.HarvestHub.NoActionBar" />
119-->src\main\AndroidManifest.xml:86:13-64
120        <activity
120-->src\main\AndroidManifest.xml:88:9-91:66
121            android:name="com.sp.harvesthub.activities.DashboardActivity"
121-->src\main\AndroidManifest.xml:89:13-57
122            android:exported="false"
122-->src\main\AndroidManifest.xml:90:13-37
123            android:theme="@style/Theme.HarvestHub.NoActionBar" />
123-->src\main\AndroidManifest.xml:91:13-64
124
125        <!-- Location Activities -->
126        <activity
126-->src\main\AndroidManifest.xml:94:9-96:66
127            android:name="com.sp.harvesthub.activities.Location1Activity"
127-->src\main\AndroidManifest.xml:95:13-57
128            android:theme="@style/Theme.HarvestHub.NoActionBar" />
128-->src\main\AndroidManifest.xml:96:13-64
129        <activity
129-->src\main\AndroidManifest.xml:98:9-100:66
130            android:name="com.sp.harvesthub.activities.Location2Activity"
130-->src\main\AndroidManifest.xml:99:13-57
131            android:theme="@style/Theme.HarvestHub.NoActionBar" />
131-->src\main\AndroidManifest.xml:100:13-64
132        <activity
132-->src\main\AndroidManifest.xml:102:9-104:66
133            android:name="com.sp.harvesthub.activities.Location3Activity"
133-->src\main\AndroidManifest.xml:103:13-57
134            android:theme="@style/Theme.HarvestHub.NoActionBar" />
134-->src\main\AndroidManifest.xml:104:13-64
135        <activity
135-->src\main\AndroidManifest.xml:106:9-108:66
136            android:name="com.sp.harvesthub.activities.Location4Activity"
136-->src\main\AndroidManifest.xml:107:13-57
137            android:theme="@style/Theme.HarvestHub.NoActionBar" />
137-->src\main\AndroidManifest.xml:108:13-64
138        <activity
138-->src\main\AndroidManifest.xml:110:9-114:57
139            android:name="com.sp.harvesthub.activities.DirectChatActivity"
139-->src\main\AndroidManifest.xml:111:13-58
140            android:exported="false"
140-->src\main\AndroidManifest.xml:112:13-37
141            android:theme="@style/Theme.HarvestHub.NoActionBar"
141-->src\main\AndroidManifest.xml:113:13-64
142            android:windowSoftInputMode="adjustResize" />
142-->src\main\AndroidManifest.xml:114:13-55
143        <activity
143-->src\main\AndroidManifest.xml:116:9-119:66
144            android:name="com.sp.harvesthub.foodAPI.LogMealActivity"
144-->src\main\AndroidManifest.xml:117:13-52
145            android:exported="false"
145-->src\main\AndroidManifest.xml:118:13-37
146            android:theme="@style/Theme.HarvestHub.NoActionBar" />
146-->src\main\AndroidManifest.xml:119:13-64
147        <activity
147-->src\main\AndroidManifest.xml:121:9-123:66
148            android:name="com.sp.harvesthub.foodAPI.LogMealExtendedActivity"
148-->src\main\AndroidManifest.xml:121:19-66
149            android:exported="false"
149-->src\main\AndroidManifest.xml:122:13-37
150            android:theme="@style/Theme.HarvestHub.NoActionBar" />
150-->src\main\AndroidManifest.xml:123:13-64
151        <activity
151-->src\main\AndroidManifest.xml:125:9-128:66
152            android:name="com.sp.harvesthub.foodListings.FoodActivity"
152-->src\main\AndroidManifest.xml:126:13-54
153            android:exported="false"
153-->src\main\AndroidManifest.xml:127:13-37
154            android:theme="@style/Theme.HarvestHub.NoActionBar" />
154-->src\main\AndroidManifest.xml:128:13-64
155        <activity
155-->src\main\AndroidManifest.xml:130:9-132:40
156            android:name="com.sp.harvesthub.foodListings.EditFoodActivity"
156-->src\main\AndroidManifest.xml:131:13-58
157            android:exported="false" />
157-->src\main\AndroidManifest.xml:132:13-37
158
159        <provider
159-->src\main\AndroidManifest.xml:134:9-142:20
160            android:name="androidx.core.content.FileProvider"
160-->src\main\AndroidManifest.xml:135:13-62
161            android:authorities="com.sp.harvesthub.fileprovider"
161-->src\main\AndroidManifest.xml:136:13-65
162            android:exported="false"
162-->src\main\AndroidManifest.xml:137:13-37
163            android:grantUriPermissions="true" >
163-->src\main\AndroidManifest.xml:138:13-47
164            <meta-data
164-->src\main\AndroidManifest.xml:139:13-141:54
165                android:name="android.support.FILE_PROVIDER_PATHS"
165-->src\main\AndroidManifest.xml:140:17-67
166                android:resource="@xml/file_paths" />
166-->src\main\AndroidManifest.xml:141:17-51
167        </provider>
168
169        <receiver
169-->src\main\AndroidManifest.xml:144:9-146:40
170            android:name="com.sp.harvesthub.NavigationUpdateReceiver"
170-->src\main\AndroidManifest.xml:145:13-53
171            android:exported="false" />
171-->src\main\AndroidManifest.xml:146:13-37
172
173        <service
173-->[androidx.camera:camera-camera2:1.4.1] AndroidManifest.xml:24:9-33:19
174            android:name="androidx.camera.core.impl.MetadataHolderService"
174-->[androidx.camera:camera-camera2:1.4.1] AndroidManifest.xml:25:13-75
175            android:enabled="false"
175-->[androidx.camera:camera-camera2:1.4.1] AndroidManifest.xml:26:13-36
176            android:exported="false" >
176-->[androidx.camera:camera-camera2:1.4.1] AndroidManifest.xml:27:13-37
177            <meta-data
177-->[androidx.camera:camera-camera2:1.4.1] AndroidManifest.xml:30:13-32:89
178                android:name="androidx.camera.core.impl.MetadataHolderService.DEFAULT_CONFIG_PROVIDER"
178-->[androidx.camera:camera-camera2:1.4.1] AndroidManifest.xml:31:17-103
179                android:value="androidx.camera.camera2.Camera2Config$DefaultProvider" />
179-->[androidx.camera:camera-camera2:1.4.1] AndroidManifest.xml:32:17-86
180        </service> <!-- Needs to be explicitly declared on P+ -->
181        <uses-library
181-->[com.google.android.gms:play-services-maps:19.0.0] AndroidManifest.xml:39:9-41:40
182            android:name="org.apache.http.legacy"
182-->[com.google.android.gms:play-services-maps:19.0.0] AndroidManifest.xml:40:13-50
183            android:required="false" />
183-->[com.google.android.gms:play-services-maps:19.0.0] AndroidManifest.xml:41:13-37
184
185        <service
185-->[com.google.firebase:firebase-database:21.0.0] AndroidManifest.xml:26:9-35:19
186            android:name="com.google.firebase.components.ComponentDiscoveryService"
186-->[com.google.firebase:firebase-database:21.0.0] AndroidManifest.xml:27:13-84
187            android:directBootAware="true"
187-->[com.google.firebase:firebase-common:21.0.0] AndroidManifest.xml:32:13-43
188            android:exported="false" >
188-->[com.google.firebase:firebase-database:21.0.0] AndroidManifest.xml:28:13-37
189            <meta-data
189-->[com.google.firebase:firebase-database:21.0.0] AndroidManifest.xml:29:13-31:85
190                android:name="com.google.firebase.components:com.google.firebase.database.FirebaseDatabaseKtxRegistrar"
190-->[com.google.firebase:firebase-database:21.0.0] AndroidManifest.xml:30:17-120
191                android:value="com.google.firebase.components.ComponentRegistrar" />
191-->[com.google.firebase:firebase-database:21.0.0] AndroidManifest.xml:31:17-82
192            <meta-data
192-->[com.google.firebase:firebase-database:21.0.0] AndroidManifest.xml:32:13-34:85
193                android:name="com.google.firebase.components:com.google.firebase.database.DatabaseRegistrar"
193-->[com.google.firebase:firebase-database:21.0.0] AndroidManifest.xml:33:17-109
194                android:value="com.google.firebase.components.ComponentRegistrar" />
194-->[com.google.firebase:firebase-database:21.0.0] AndroidManifest.xml:34:17-82
195            <meta-data
195-->[com.google.firebase:firebase-storage:21.0.1] AndroidManifest.xml:30:13-32:85
196                android:name="com.google.firebase.components:com.google.firebase.storage.FirebaseStorageKtxRegistrar"
196-->[com.google.firebase:firebase-storage:21.0.1] AndroidManifest.xml:31:17-118
197                android:value="com.google.firebase.components.ComponentRegistrar" />
197-->[com.google.firebase:firebase-storage:21.0.1] AndroidManifest.xml:32:17-82
198            <meta-data
198-->[com.google.firebase:firebase-storage:21.0.1] AndroidManifest.xml:33:13-35:85
199                android:name="com.google.firebase.components:com.google.firebase.storage.StorageRegistrar"
199-->[com.google.firebase:firebase-storage:21.0.1] AndroidManifest.xml:34:17-107
200                android:value="com.google.firebase.components.ComponentRegistrar" />
200-->[com.google.firebase:firebase-storage:21.0.1] AndroidManifest.xml:35:17-82
201            <meta-data
201-->[com.google.firebase:firebase-auth:23.1.0] AndroidManifest.xml:69:13-71:85
202                android:name="com.google.firebase.components:com.google.firebase.auth.FirebaseAuthRegistrar"
202-->[com.google.firebase:firebase-auth:23.1.0] AndroidManifest.xml:70:17-109
203                android:value="com.google.firebase.components.ComponentRegistrar" />
203-->[com.google.firebase:firebase-auth:23.1.0] AndroidManifest.xml:71:17-82
204            <meta-data
204-->[com.google.firebase:firebase-appcheck:18.0.0] AndroidManifest.xml:25:13-27:85
205                android:name="com.google.firebase.components:com.google.firebase.appcheck.FirebaseAppCheckKtxRegistrar"
205-->[com.google.firebase:firebase-appcheck:18.0.0] AndroidManifest.xml:26:17-120
206                android:value="com.google.firebase.components.ComponentRegistrar" />
206-->[com.google.firebase:firebase-appcheck:18.0.0] AndroidManifest.xml:27:17-82
207            <meta-data
207-->[com.google.firebase:firebase-appcheck:18.0.0] AndroidManifest.xml:28:13-30:85
208                android:name="com.google.firebase.components:com.google.firebase.appcheck.FirebaseAppCheckRegistrar"
208-->[com.google.firebase:firebase-appcheck:18.0.0] AndroidManifest.xml:29:17-117
209                android:value="com.google.firebase.components.ComponentRegistrar" />
209-->[com.google.firebase:firebase-appcheck:18.0.0] AndroidManifest.xml:30:17-82
210            <meta-data
210-->[com.google.android.gms:play-services-measurement-api:22.2.0] AndroidManifest.xml:33:13-35:85
211                android:name="com.google.firebase.components:com.google.firebase.analytics.connector.internal.AnalyticsConnectorRegistrar"
211-->[com.google.android.gms:play-services-measurement-api:22.2.0] AndroidManifest.xml:34:17-139
212                android:value="com.google.firebase.components.ComponentRegistrar" />
212-->[com.google.android.gms:play-services-measurement-api:22.2.0] AndroidManifest.xml:35:17-82
213            <meta-data
213-->[com.google.firebase:firebase-installations:18.0.0] AndroidManifest.xml:15:13-17:85
214                android:name="com.google.firebase.components:com.google.firebase.installations.FirebaseInstallationsKtxRegistrar"
214-->[com.google.firebase:firebase-installations:18.0.0] AndroidManifest.xml:16:17-130
215                android:value="com.google.firebase.components.ComponentRegistrar" />
215-->[com.google.firebase:firebase-installations:18.0.0] AndroidManifest.xml:17:17-82
216            <meta-data
216-->[com.google.firebase:firebase-installations:18.0.0] AndroidManifest.xml:18:13-20:85
217                android:name="com.google.firebase.components:com.google.firebase.installations.FirebaseInstallationsRegistrar"
217-->[com.google.firebase:firebase-installations:18.0.0] AndroidManifest.xml:19:17-127
218                android:value="com.google.firebase.components.ComponentRegistrar" />
218-->[com.google.firebase:firebase-installations:18.0.0] AndroidManifest.xml:20:17-82
219            <meta-data
219-->[com.google.firebase:firebase-common-ktx:21.0.0] AndroidManifest.xml:12:13-14:85
220                android:name="com.google.firebase.components:com.google.firebase.ktx.FirebaseCommonLegacyRegistrar"
220-->[com.google.firebase:firebase-common-ktx:21.0.0] AndroidManifest.xml:13:17-116
221                android:value="com.google.firebase.components.ComponentRegistrar" />
221-->[com.google.firebase:firebase-common-ktx:21.0.0] AndroidManifest.xml:14:17-82
222            <meta-data
222-->[com.google.firebase:firebase-common:21.0.0] AndroidManifest.xml:35:13-37:85
223                android:name="com.google.firebase.components:com.google.firebase.FirebaseCommonKtxRegistrar"
223-->[com.google.firebase:firebase-common:21.0.0] AndroidManifest.xml:36:17-109
224                android:value="com.google.firebase.components.ComponentRegistrar" />
224-->[com.google.firebase:firebase-common:21.0.0] AndroidManifest.xml:37:17-82
225        </service>
226
227        <activity
227-->[com.google.firebase:firebase-auth:23.1.0] AndroidManifest.xml:29:9-46:20
228            android:name="com.google.firebase.auth.internal.GenericIdpActivity"
228-->[com.google.firebase:firebase-auth:23.1.0] AndroidManifest.xml:30:13-80
229            android:excludeFromRecents="true"
229-->[com.google.firebase:firebase-auth:23.1.0] AndroidManifest.xml:31:13-46
230            android:exported="true"
230-->[com.google.firebase:firebase-auth:23.1.0] AndroidManifest.xml:32:13-36
231            android:launchMode="singleTask"
231-->[com.google.firebase:firebase-auth:23.1.0] AndroidManifest.xml:33:13-44
232            android:theme="@android:style/Theme.Translucent.NoTitleBar" >
232-->[com.google.firebase:firebase-auth:23.1.0] AndroidManifest.xml:34:13-72
233            <intent-filter>
233-->[com.google.firebase:firebase-auth:23.1.0] AndroidManifest.xml:35:13-45:29
234                <action android:name="android.intent.action.VIEW" />
234-->[com.google.firebase:firebase-auth:23.1.0] AndroidManifest.xml:36:17-69
234-->[com.google.firebase:firebase-auth:23.1.0] AndroidManifest.xml:36:25-66
235
236                <category android:name="android.intent.category.DEFAULT" />
236-->[com.google.firebase:firebase-auth:23.1.0] AndroidManifest.xml:38:17-76
236-->[com.google.firebase:firebase-auth:23.1.0] AndroidManifest.xml:38:27-73
237                <category android:name="android.intent.category.BROWSABLE" />
237-->[com.google.firebase:firebase-auth:23.1.0] AndroidManifest.xml:39:17-78
237-->[com.google.firebase:firebase-auth:23.1.0] AndroidManifest.xml:39:27-75
238
239                <data
239-->[com.google.firebase:firebase-auth:23.1.0] AndroidManifest.xml:41:17-44:51
240                    android:host="firebase.auth"
240-->[com.google.firebase:firebase-auth:23.1.0] AndroidManifest.xml:42:21-49
241                    android:path="/"
241-->[com.google.firebase:firebase-auth:23.1.0] AndroidManifest.xml:43:21-37
242                    android:scheme="genericidp" />
242-->[com.google.firebase:firebase-auth:23.1.0] AndroidManifest.xml:44:21-48
243            </intent-filter>
244        </activity>
245        <activity
245-->[com.google.firebase:firebase-auth:23.1.0] AndroidManifest.xml:47:9-64:20
246            android:name="com.google.firebase.auth.internal.RecaptchaActivity"
246-->[com.google.firebase:firebase-auth:23.1.0] AndroidManifest.xml:48:13-79
247            android:excludeFromRecents="true"
247-->[com.google.firebase:firebase-auth:23.1.0] AndroidManifest.xml:49:13-46
248            android:exported="true"
248-->[com.google.firebase:firebase-auth:23.1.0] AndroidManifest.xml:50:13-36
249            android:launchMode="singleTask"
249-->[com.google.firebase:firebase-auth:23.1.0] AndroidManifest.xml:51:13-44
250            android:theme="@android:style/Theme.Translucent.NoTitleBar" >
250-->[com.google.firebase:firebase-auth:23.1.0] AndroidManifest.xml:52:13-72
251            <intent-filter>
251-->[com.google.firebase:firebase-auth:23.1.0] AndroidManifest.xml:53:13-63:29
252                <action android:name="android.intent.action.VIEW" />
252-->[com.google.firebase:firebase-auth:23.1.0] AndroidManifest.xml:36:17-69
252-->[com.google.firebase:firebase-auth:23.1.0] AndroidManifest.xml:36:25-66
253
254                <category android:name="android.intent.category.DEFAULT" />
254-->[com.google.firebase:firebase-auth:23.1.0] AndroidManifest.xml:38:17-76
254-->[com.google.firebase:firebase-auth:23.1.0] AndroidManifest.xml:38:27-73
255                <category android:name="android.intent.category.BROWSABLE" />
255-->[com.google.firebase:firebase-auth:23.1.0] AndroidManifest.xml:39:17-78
255-->[com.google.firebase:firebase-auth:23.1.0] AndroidManifest.xml:39:27-75
256
257                <data
257-->[com.google.firebase:firebase-auth:23.1.0] AndroidManifest.xml:41:17-44:51
258                    android:host="firebase.auth"
258-->[com.google.firebase:firebase-auth:23.1.0] AndroidManifest.xml:42:21-49
259                    android:path="/"
259-->[com.google.firebase:firebase-auth:23.1.0] AndroidManifest.xml:43:21-37
260                    android:scheme="recaptcha" />
260-->[com.google.firebase:firebase-auth:23.1.0] AndroidManifest.xml:44:21-48
261            </intent-filter>
262        </activity>
263
264        <provider
264-->[com.google.firebase:firebase-common:21.0.0] AndroidManifest.xml:23:9-28:39
265            android:name="com.google.firebase.provider.FirebaseInitProvider"
265-->[com.google.firebase:firebase-common:21.0.0] AndroidManifest.xml:24:13-77
266            android:authorities="com.sp.harvesthub.firebaseinitprovider"
266-->[com.google.firebase:firebase-common:21.0.0] AndroidManifest.xml:25:13-72
267            android:directBootAware="true"
267-->[com.google.firebase:firebase-common:21.0.0] AndroidManifest.xml:26:13-43
268            android:exported="false"
268-->[com.google.firebase:firebase-common:21.0.0] AndroidManifest.xml:27:13-37
269            android:initOrder="100" />
269-->[com.google.firebase:firebase-common:21.0.0] AndroidManifest.xml:28:13-36
270
271        <service
271-->[androidx.credentials:credentials-play-services-auth:1.2.0-rc01] AndroidManifest.xml:24:9-32:19
272            android:name="androidx.credentials.playservices.CredentialProviderMetadataHolder"
272-->[androidx.credentials:credentials-play-services-auth:1.2.0-rc01] AndroidManifest.xml:25:13-94
273            android:enabled="true"
273-->[androidx.credentials:credentials-play-services-auth:1.2.0-rc01] AndroidManifest.xml:26:13-35
274            android:exported="false" >
274-->[androidx.credentials:credentials-play-services-auth:1.2.0-rc01] AndroidManifest.xml:27:13-37
275            <meta-data
275-->[androidx.credentials:credentials-play-services-auth:1.2.0-rc01] AndroidManifest.xml:29:13-31:104
276                android:name="androidx.credentials.CREDENTIAL_PROVIDER_KEY"
276-->[androidx.credentials:credentials-play-services-auth:1.2.0-rc01] AndroidManifest.xml:30:17-76
277                android:value="androidx.credentials.playservices.CredentialProviderPlayServicesImpl" />
277-->[androidx.credentials:credentials-play-services-auth:1.2.0-rc01] AndroidManifest.xml:31:17-101
278        </service>
279
280        <activity
280-->[androidx.credentials:credentials-play-services-auth:1.2.0-rc01] AndroidManifest.xml:34:9-41:20
281            android:name="androidx.credentials.playservices.HiddenActivity"
281-->[androidx.credentials:credentials-play-services-auth:1.2.0-rc01] AndroidManifest.xml:35:13-76
282            android:configChanges="orientation|screenSize|screenLayout|keyboardHidden"
282-->[androidx.credentials:credentials-play-services-auth:1.2.0-rc01] AndroidManifest.xml:36:13-87
283            android:enabled="true"
283-->[androidx.credentials:credentials-play-services-auth:1.2.0-rc01] AndroidManifest.xml:37:13-35
284            android:exported="false"
284-->[androidx.credentials:credentials-play-services-auth:1.2.0-rc01] AndroidManifest.xml:38:13-37
285            android:fitsSystemWindows="true"
285-->[androidx.credentials:credentials-play-services-auth:1.2.0-rc01] AndroidManifest.xml:39:13-45
286            android:theme="@style/Theme.Hidden" >
286-->[androidx.credentials:credentials-play-services-auth:1.2.0-rc01] AndroidManifest.xml:40:13-48
287        </activity>
288        <activity